<?xml version="1.0" encoding="UTF-8"?>
<testsuite xmlns:xsi="http://www.w3.org/2001/XMLSchema-instance" xsi:noNamespaceSchemaLocation="https://maven.apache.org/surefire/maven-surefire-plugin/xsd/surefire-test-report.xsd" version="3.0.2" name="com.telemetry.TelemetryApplicationTests" time="4.132" tests="1" errors="0" skipped="0" failures="0">
  <properties>
[...]
</properties>
  <testcase name="contextLoads" classname="com.telemetry.TelemetryApplicationTests" time="0.285">
    <system-out><![CDATA[16:42:07.448 [main] INFO org.springframework.test.context.support.AnnotationConfigContextLoaderUtils -- Could not detect default configuration classes for test class [com.telemetry.TelemetryApplicationTests]: TelemetryApplicationTests does not declare any static, non-private, non-final, nested classes annotated with @Configuration.
16:42:07.562 [main] INFO org.springframework.boot.test.context.SpringBootTestContextBootstrapper -- Found @SpringBootConfiguration com.telemetry.TelemetryApplication for test class com.telemetry.TelemetryApplicationTests
16:42:07.706 [main] INFO org.springframework.boot.devtools.restart.RestartApplicationListener -- Restart disabled due to context in which it is running

  .   ____          _            __ _ _
 /\\ / ___'_ __ _ _(_)_ __  __ _ \ \ \ \
( ( )\___ | '_ | '_| | '_ \/ _` | \ \ \ \
 \\/  ___)| |_)| | | | | || (_| |  ) ) ) )
  '  |____| .__|_| |_|_| |_\__, | / / / /
 =========|_|==============|___/=/_/_/_/

 :: Spring Boot ::                (v3.5.3)

2025-06-27T16:42:08.006+02:00  INFO 59048 --- [telemetry] [           main] c.telemetry.TelemetryApplicationTests    : Starting TelemetryApplicationTests using Java 21.0.7 with PID 59048 (started by nidza in C:\Work\ZadatakNTS\telemetry\Telemetry)
2025-06-27T16:42:08.007+02:00  INFO 59048 --- [telemetry] [           main] c.telemetry.TelemetryApplicationTests    : The following 1 profile is active: "dev"
2025-06-27T16:42:08.691+02:00  INFO 59048 --- [telemetry] [           main] .s.d.r.c.RepositoryConfigurationDelegate : Bootstrapping Spring Data JPA repositories in DEFAULT mode.
2025-06-27T16:42:08.730+02:00  INFO 59048 --- [telemetry] [           main] .s.d.r.c.RepositoryConfigurationDelegate : Finished Spring Data repository scanning in 32 ms. Found 1 JPA repository interface.
2025-06-27T16:42:09.035+02:00  INFO 59048 --- [telemetry] [           main] o.hibernate.jpa.internal.util.LogHelper  : HHH000204: Processing PersistenceUnitInfo [name: default]
2025-06-27T16:42:09.081+02:00  INFO 59048 --- [telemetry] [           main] org.hibernate.Version                    : HHH000412: Hibernate ORM core version 6.6.18.Final
2025-06-27T16:42:09.111+02:00  INFO 59048 --- [telemetry] [           main] o.h.c.internal.RegionFactoryInitiator    : HHH000026: Second-level cache disabled
2025-06-27T16:42:09.357+02:00  INFO 59048 --- [telemetry] [           main] o.s.o.j.p.SpringPersistenceUnitInfo      : No LoadTimeWeaver setup: ignoring JPA class transformer
2025-06-27T16:42:09.381+02:00  INFO 59048 --- [telemetry] [           main] com.zaxxer.hikari.HikariDataSource       : HikariPool-1 - Starting...
2025-06-27T16:42:09.630+02:00  INFO 59048 --- [telemetry] [           main] com.zaxxer.hikari.pool.HikariPool        : HikariPool-1 - Added connection com.mysql.cj.jdbc.ConnectionImpl@45539bd8
2025-06-27T16:42:09.631+02:00  INFO 59048 --- [telemetry] [           main] com.zaxxer.hikari.HikariDataSource       : HikariPool-1 - Start completed.
2025-06-27T16:42:09.662+02:00  WARN 59048 --- [telemetry] [           main] org.hibernate.orm.deprecation            : HHH90000025: MySQL8Dialect does not need to be specified explicitly using 'hibernate.dialect' (remove the property setting and it will be selected by default)
2025-06-27T16:42:09.663+02:00  WARN 59048 --- [telemetry] [           main] org.hibernate.orm.deprecation            : HHH90000026: MySQL8Dialect has been deprecated; use org.hibernate.dialect.MySQLDialect instead
2025-06-27T16:42:09.677+02:00  INFO 59048 --- [telemetry] [           main] org.hibernate.orm.connections.pooling    : HHH10001005: Database info:
	Database JDBC URL [Connecting through datasource 'HikariDataSource (HikariPool-1)']
	Database driver: undefined/unknown
	Database version: 8.0
	Autocommit mode: undefined/unknown
	Isolation level: undefined/unknown
	Minimum pool size: undefined/unknown
	Maximum pool size: undefined/unknown
2025-06-27T16:42:10.264+02:00  INFO 59048 --- [telemetry] [           main] o.h.e.t.j.p.i.JtaPlatformInitiator       : HHH000489: No JTA platform available (set 'hibernate.transaction.jta.platform' to enable JTA platform integration)
2025-06-27T16:42:10.302+02:00  INFO 59048 --- [telemetry] [           main] j.LocalContainerEntityManagerFactoryBean : Initialized JPA EntityManagerFactory for persistence unit 'default'
2025-06-27T16:42:10.443+02:00  INFO 59048 --- [telemetry] [ketServerThread] com.telemetry.service.SocketServer       : Socket server started on port 5050
2025-06-27T16:42:10.530+02:00  WARN 59048 --- [telemetry] [           main] JpaBaseConfiguration$JpaWebConfiguration : spring.jpa.open-in-view is enabled by default. Therefore, database queries may be performed during view rendering. Explicitly configure spring.jpa.open-in-view to disable this warning
2025-06-27T16:42:10.941+02:00  WARN 59048 --- [telemetry] [           main] .s.s.UserDetailsServiceAutoConfiguration : 

Using generated security password: 3a32bbe9-1dcc-4a61-bce9-b6cffaac613a

This generated password is for development use only. Your security configuration must be updated before running your application in production.

2025-06-27T16:42:10.955+02:00  INFO 59048 --- [telemetry] [           main] r$InitializeUserDetailsManagerConfigurer : Global AuthenticationManager configured with UserDetailsService bean with name inMemoryUserDetailsManager
2025-06-27T16:42:11.043+02:00  INFO 59048 --- [telemetry] [           main] o.s.b.a.e.web.EndpointLinksResolver      : Exposing 1 endpoint beneath base path '/actuator'
2025-06-27T16:42:11.138+02:00  INFO 59048 --- [telemetry] [           main] c.telemetry.TelemetryApplicationTests    : Started TelemetryApplicationTests in 3.444 seconds (process running for 4.35)
]]></system-out>
    <system-err><![CDATA[Mockito is currently self-attaching to enable the inline-mock-maker. This will no longer work in future releases of the JDK. Please add Mockito as an agent to your build as described in Mockito's documentation: https://javadoc.io/doc/org.mockito/mockito-core/latest/org.mockito/org/mockito/Mockito.html#0.3
WARNING: A Java agent has been loaded dynamically (C:\Users\nidza\.m2\repository\net\bytebuddy\byte-buddy-agent\1.17.6\byte-buddy-agent-1.17.6.jar)
WARNING: If a serviceability tool is in use, please run with -XX:+EnableDynamicAgentLoading to hide this warning
WARNING: If a serviceability tool is not in use, please run with -Djdk.instrument.traceUsage for more information
WARNING: Dynamic loading of agents will be disallowed by default in a future release
]]></system-err>
  </testcase>
</testsuite>